{"level":"info","message":"request url is Localhost[object Object]","timestamp":"2017-12-25T09:05:52.801Z"}
{"level":"info","message":"request url is Localhostnull","timestamp":"2017-12-25T09:09:06.442Z"}
{"level":"info","message":"request url is Localhostundefined","timestamp":"2017-12-25T09:09:27.279Z"}
{"level":"info","message":"request url is Localhost[object Object]","timestamp":"2017-12-25T09:09:48.789Z"}
{"level":"info","message":"request url is Localhost[object Object]","timestamp":"2017-12-25T09:10:23.527Z"}
{"level":"info","message":"request url is Localhost[object Object]","timestamp":"2017-12-25T09:10:34.504Z"}
{"level":"info","message":"request url is Localhost[object Object]","timestamp":"2017-12-28T04:48:19.361Z"}
{"level":"info","message":"request url is Localhost[object Object]","timestamp":"2017-12-28T04:49:00.239Z"}
{"level":"info","message":"request url is Localhost[object Object]","timestamp":"2017-12-28T04:49:29.538Z"}
{"level":"info","message":"request url is Localhost[object Object]","timestamp":"2017-12-28T04:50:19.876Z"}
{"level":"info","message":"request url is Localhost[object Object]","timestamp":"2017-12-28T04:50:21.011Z"}
{"level":"info","message":"request url is Localhost[object Object]","timestamp":"2017-12-28T04:50:21.923Z"}
{"level":"info","message":"request url is Localhost[object Object]","timestamp":"2017-12-28T04:50:41.900Z"}
{"level":"info","message":"request url is Localhost[object Object]","timestamp":"2017-12-28T04:51:34.307Z"}
{"level":"info","message":"request url is Localhost[object Object]","timestamp":"2017-12-28T04:52:10.244Z"}
{"level":"info","message":"request url is Localhost[object Object]","timestamp":"2017-12-28T04:52:16.085Z"}
{"level":"info","message":"request url is Localhost[object Object]","timestamp":"2017-12-28T04:54:40.177Z"}
{"level":"info","message":"request url is Localhost[object Object]","timestamp":"2017-12-28T04:54:45.298Z"}
{"level":"info","message":"request url is Localhost[object Object]","timestamp":"2017-12-28T04:54:48.352Z"}
{"level":"info","message":"request url is Localhost[object Object]","timestamp":"2017-12-28T04:54:49.625Z"}
{"level":"info","message":"request url is Localhost[object Object]","timestamp":"2017-12-28T04:54:52.513Z"}
{"level":"info","message":"request url is Localhost[object Object]","timestamp":"2017-12-28T04:55:00.312Z"}
{"level":"info","message":"request url is Localhost[object Object]","timestamp":"2017-12-28T04:55:01.482Z"}
{"level":"info","message":"request url is Localhost[object Object]","timestamp":"2017-12-28T04:55:12.410Z"}
{"level":"info","message":"request url is Localhost[object Object]","timestamp":"2017-12-28T04:56:32.865Z"}
{"level":"info","message":"request url is Localhost[object Object]","timestamp":"2017-12-28T04:57:06.731Z"}
{"level":"info","message":"request url is Localhost[object Object]","timestamp":"2017-12-28T04:57:10.572Z"}
{"level":"info","message":"request url is Localhost[object Object]","timestamp":"2017-12-28T04:57:24.158Z"}
{"level":"info","message":"request url is Localhost[object Object]","timestamp":"2017-12-28T05:00:30.841Z"}
{"level":"info","message":"request url is Localhost[object Object]","timestamp":"2017-12-28T05:01:12.271Z"}
{"level":"info","message":"request url is Localhost[object Object]","timestamp":"2017-12-28T05:01:48.094Z"}
{"level":"info","message":"request url is Localhost[object Object]","timestamp":"2017-12-28T05:02:14.856Z"}
{"level":"info","message":"request url is Localhost[object Object]","timestamp":"2017-12-28T05:02:16.092Z"}
{"level":"info","message":"request url is Localhost[object Object]","timestamp":"2017-12-28T05:02:39.625Z"}
{"level":"info","message":"request url is Localhost[object Object]","timestamp":"2017-12-28T05:03:07.080Z"}
{"level":"info","message":"request url is Localhost[object Object]","timestamp":"2017-12-28T05:03:09.822Z"}
{"level":"info","message":"request url is Localhost[object Object]","timestamp":"2017-12-28T05:03:19.336Z"}
{"level":"info","message":"request url is Localhost[object Object]","timestamp":"2017-12-28T05:03:54.062Z"}
{"level":"info","message":"request url is Localhost[object Object]","timestamp":"2017-12-28T05:04:19.909Z"}
{"level":"info","message":"request url is Localhost[object Object]","timestamp":"2017-12-28T05:28:24.455Z"}
{"level":"info","message":"request url is Localhost[object Object]","timestamp":"2017-12-28T05:28:32.558Z"}
{"level":"info","message":"request url is Localhost[object Object]","timestamp":"2017-12-28T05:28:42.167Z"}
{"level":"info","message":"request url is Localhost[object Object]","timestamp":"2017-12-28T05:28:49.690Z"}
{"level":"info","message":"request url is Localhost[object Object]","timestamp":"2017-12-28T05:29:05.597Z"}
{"level":"info","message":"request url is Localhost[object Object]","timestamp":"2017-12-28T05:29:30.249Z"}
{"level":"info","message":"request url is Localhost[object Object]","timestamp":"2017-12-28T05:32:53.095Z"}
{"level":"info","message":"request url is Localhost[object Object]","timestamp":"2017-12-28T05:33:06.031Z"}
{"level":"info","message":"request url is Localhost[object Object]","timestamp":"2017-12-28T05:37:04.885Z"}
{"level":"info","message":"request url is Localhost[object Object]","timestamp":"2017-12-28T05:37:15.578Z"}
{"level":"info","message":"request url is Localhost[object Object]","timestamp":"2017-12-28T05:55:58.581Z"}
{"level":"info","message":"request url is Localhost[object Object]","timestamp":"2017-12-28T05:56:45.030Z"}
{"level":"info","message":"request url is Localhost[object Object]","timestamp":"2017-12-28T05:56:47.947Z"}
{"level":"info","message":"request url is Localhost[object Object]","timestamp":"2017-12-28T05:57:10.464Z"}
{"level":"info","message":"request url is Localhost[object Object]","timestamp":"2017-12-28T06:04:55.621Z"}
{"level":"info","message":"request url is Localhost[object Object]","timestamp":"2017-12-28T06:06:51.297Z"}
{"level":"info","message":"request url is Localhost[object Object]","timestamp":"2017-12-28T06:06:56.002Z"}
{"level":"info","message":"request url is Localhost[object Object]","timestamp":"2017-12-28T06:08:21.557Z"}
{"level":"info","message":"request url is Localhost[object Object]","timestamp":"2017-12-28T06:08:50.632Z"}
{"level":"info","message":"request url is Localhost[object Object]","timestamp":"2017-12-28T06:08:53.017Z"}
{"level":"info","message":"request url is Localhost[object Object]","timestamp":"2017-12-28T06:09:15.324Z"}
{"level":"info","message":"request url is Localhost[object Object]","timestamp":"2017-12-28T06:09:31.963Z"}
{"level":"info","message":"request url is Localhost[object Object]","timestamp":"2017-12-28T06:09:42.700Z"}
{"level":"info","message":"request url is Localhost[object Object]","timestamp":"2017-12-28T06:11:06.279Z"}
{"level":"info","message":"request url is Localhost[object Object]","timestamp":"2017-12-28T06:20:08.539Z"}
{"level":"info","message":"request url is Localhost[object Object]","timestamp":"2017-12-28T06:20:10.889Z"}
{"level":"info","message":"request url is Localhost[object Object]","timestamp":"2017-12-28T06:20:59.153Z"}
{"level":"info","message":"request url is Localhost[object Object]","timestamp":"2017-12-28T06:21:52.523Z"}
{"level":"info","message":"request url is Localhost[object Object]","timestamp":"2017-12-28T06:26:06.824Z"}
{"level":"info","message":"request url is Localhost[object Object]","timestamp":"2017-12-28T06:26:11.393Z"}
{"level":"info","message":"request url is Localhost[object Object]","timestamp":"2017-12-28T06:26:28.632Z"}
{"level":"info","message":"request url is Localhost[object Object]","timestamp":"2017-12-28T06:26:32.357Z"}
{"level":"info","message":"request url is Localhost[object Object]","timestamp":"2017-12-28T06:26:52.229Z"}
{"level":"info","message":"request url is Localhost[object Object]","timestamp":"2017-12-28T06:26:55.119Z"}
{"level":"info","message":"request url is Localhost[object Object]","timestamp":"2017-12-28T06:29:12.728Z"}
{"level":"info","message":"request url is Localhost[object Object]","timestamp":"2017-12-28T06:41:13.516Z"}
{"level":"info","message":"request url is Localhost[object Object]","timestamp":"2017-12-28T06:43:47.714Z"}
{"level":"info","message":"request url is Localhost","timestamp":"2017-12-28T06:45:51.435Z"}
{"_ctx":{"request":{"request":{"_readableState":{"objectMode":false,"highWaterMark":16384,"buffer":{"head":null,"tail":null,"length":0},"length":0,"pipes":null,"pipesCount":0,"flowing":null,"ended":true,"endEmitted":false,"reading":false,"sync":true,"needReadable":false,"emittedReadable":true,"readableListening":false,"resumeScheduled":false,"destroyed":false,"defaultEncoding":"utf8","awaitDrain":0,"readingMore":true,"decoder":null,"encoding":null},"readable":true,"domain":null,"_events":{},"_eventsCount":0,"socket":{"connecting":false,"_hadError":false,"_handle":{"bytesRead":235,"_externalStream":{},"fd":-1,"reading":true,"owner":{"$ref":"$[\"_ctx\"][\"request\"][\"request\"][\"socket\"]"},"onconnection":null,"writeQueueSize":0,"_consumed":true},"_parent":null,"_host":null,"_readableState":{"objectMode":false,"highWaterMark":16384,"buffer":{"head":null,"tail":null,"length":0},"length":0,"pipes":null,"pipesCount":0,"flowing":true,"ended":false,"endEmitted":false,"reading":true,"sync":false,"needReadable":true,"emittedReadable":false,"readableListening":false,"resumeScheduled":false,"destroyed":false,"defaultEncoding":"utf8","awaitDrain":0,"readingMore":false,"decoder":null,"encoding":null},"readable":true,"domain":null,"_events":{"end":[null,null],"drain":[null,null],"close":[null,null]},"_eventsCount":10,"_writableState":{"objectMode":false,"highWaterMark":16384,"finalCalled":false,"needDrain":false,"ending":false,"ended":false,"finished":false,"destroyed":false,"decodeStrings":false,"defaultEncoding":"utf8","length":0,"writing":false,"corked":0,"sync":true,"bufferProcessing":false,"writecb":null,"writelen":0,"bufferedRequest":null,"lastBufferedRequest":null,"pendingcb":0,"prefinished":false,"errorEmitted":false,"bufferedRequestCount":0,"corkedRequestsFree":{"next":null,"entry":null}},"writable":true,"allowHalfOpen":true,"_bytesDispatched":0,"_sockname":null,"_pendingData":null,"_pendingEncoding":"","server":{"domain":null,"_events":{},"_eventsCount":2,"_connections":1,"_handle":{"bytesRead":0,"_externalStream":{},"fd":-1,"reading":false,"owner":{"$ref":"$[\"_ctx\"][\"request\"][\"request\"][\"socket\"][\"server\"]"},"onread":null,"writeQueueSize":0},"_usingSlaves":false,"_slaves":[],"_unref":false,"allowHalfOpen":true,"pauseOnConnect":false,"httpAllowHalfOpen":false,"timeout":120000,"keepAliveTimeout":5000,"_pendingResponseData":0,"maxHeadersCount":null,"_connectionKey":"4:127.0.0.1:7200"},"_server":{"$ref":"$[\"_ctx\"][\"request\"][\"request\"][\"socket\"][\"server\"]"},"_idleTimeout":120000,"_idleNext":{"_idleNext":{"$ref":"$[\"_ctx\"][\"request\"][\"request\"][\"socket\"]"},"_idlePrev":{"$ref":"$[\"_ctx\"][\"request\"][\"request\"][\"socket\"]"},"_timer":{"_list":{"$ref":"$[\"_ctx\"][\"request\"][\"request\"][\"socket\"][\"_idleNext\"]"}},"_unrefed":true,"msecs":120000,"nextTick":false},"_idlePrev":{"$ref":"$[\"_ctx\"][\"request\"][\"request\"][\"socket\"][\"_idleNext\"]"},"_idleStart":5362,"_destroyed":false,"parser":{"_headers":[],"_url":"","_consumed":true,"socket":{"$ref":"$[\"_ctx\"][\"request\"][\"request\"][\"socket\"]"},"incoming":{"$ref":"$[\"_ctx\"][\"request\"][\"request\"]"},"outgoing":null,"maxHeaderPairs":2000},"_paused":false,"_consuming":true,"_httpMessage":{"domain":null,"_events":{},"_eventsCount":1,"output":[],"outputEncodings":[],"outputCallbacks":[],"outputSize":0,"writable":true,"_last":false,"upgrading":false,"chunkedEncoding":false,"shouldKeepAlive":true,"useChunkedEncodingByDefault":true,"sendDate":true,"_removedConnection":false,"_removedContLen":false,"_removedTE":false,"_contentLength":null,"_hasBody":true,"_trailer":"","finished":false,"_headerSent":false,"socket":{"$ref":"$[\"_ctx\"][\"request\"][\"request\"][\"socket\"]"},"connection":{"$ref":"$[\"_ctx\"][\"request\"][\"request\"][\"socket\"]"},"_header":null,"_sent100":false,"_expect_continue":false}},"connection":{"$ref":"$[\"_ctx\"][\"request\"][\"request\"][\"socket\"]"},"httpVersionMajor":1,"httpVersionMinor":1,"httpVersion":"1.1","complete":true,"headers":{"host":"127.0.0.1:7200","user-agent":"insomnia/5.12.4","authorization":"Bearer eyJhbGciOiJIUzI1NiIsInR5cCI6IkpXVCJ9.eyJ1aWQiOjEsImlhdCI6MTUxNDQzODkxMn0.OLbPImhId2_bXs_YrJI-8dgUzZEz-5oqYFK2_bGdnBo","accept":"*/*"},"rawHeaders":["Host","127.0.0.1:7200","User-Agent","insomnia/5.12.4","Authorization","Bearer eyJhbGciOiJIUzI1NiIsInR5cCI6IkpXVCJ9.eyJ1aWQiOjEsImlhdCI6MTUxNDQzODkxMn0.OLbPImhId2_bXs_YrJI-8dgUzZEz-5oqYFK2_bGdnBo","Accept","*/*"],"trailers":{},"rawTrailers":[],"upgrade":false,"url":"/users/findall","method":"GET","statusCode":null,"statusMessage":null,"client":{"$ref":"$[\"_ctx\"][\"request\"][\"request\"][\"socket\"]"},"_consuming":false,"_dumped":false,"_parsedUrl":{"protocol":null,"slashes":null,"auth":null,"host":null,"port":null,"hostname":null,"hash":null,"search":null,"query":null,"pathname":"/users/findall","path":"/users/findall","href":"/users/findall","_raw":"/users/findall"}},"params":{},"response":{"$ref":"$[\"_ctx\"][\"request\"][\"request\"][\"socket\"][\"_httpMessage\"]"},"Config":{"_configPath":"D:\\adonis-Project\\adonis\\management-api\\config","_config":{"app":{"appKey":"FgO52DV4hEEz6oOwTLriBkyl1OX9Ptzk","http":{"allowMethodSpoofing":true,"trustProxy":false,"subdomainOffset":2,"jsonpCallback":"callback","etag":true},"static":{"dotfiles":"ignore","etag":true,"extensions":false},"locales":{"loader":"file","locale":"en"},"logger":{"transport":"console","console":{"driver":"console","name":"adonis-app","level":"info"},"file":{"driver":"file","name":"adonis-app","filename":"D:/adonis-Project/adonis/management-api/Log/adonis.log","level":"info"}}},"auth":{"authenticator":"jwt","session":{"serializer":"lucid","model":"App/Models/User","scheme":"session","uid":"email","password":"password"},"basic":{"serializer":"lucid","model":"App/Models/User","scheme":"basic","uid":"email","password":"password"},"jwt":{"serializer":"lucid","model":"App/Models/User","scheme":"jwt","uid":"email","password":"password","options":{"secret":"self::app.appKey"}}},"bodyParser":{"json":{"limit":"1mb","strict":true,"types":["application/json","application/json-patch+json","application/vnd.api+json","application/csp-report"]},"raw":{"types":["text/*"]},"form":{"types":["application/x-www-form-urlencoded"]},"files":{"types":["multipart/form-data"],"maxSize":"20mb","autoProcess":true,"processManually":[]}},"cors":{"origin":false,"methods":["GET","PUT","POST"],"headers":true,"exposeHeaders":false,"credentials":false,"maxAge":90},"database":{"connection":"mysql","sqlite":{"client":"sqlite3","connection":{"filename":"D:\\adonis-Project\\adonis\\management-api\\database\\development.sqlite"},"useNullAsDefault":true,"debug":false},"mysql":{"client":"mysql","connection":{"host":"127.0.0.1","port":"3306","user":"root","password":"root","database":"management"},"debug":false},"pg":{"client":"pg","connection":{"host":"127.0.0.1","port":"3306","user":"root","password":"root","database":"management"},"debug":false}},"mail":{"connection":"smtp","smtp":{"driver":"smtp","pool":true,"port":2525,"host":"smtp.mailtrap.io","secure":false,"auth":{"user":"12bb26a372b6e1","pass":"9f2a2dc7b18adf"},"maxConnections":5,"maxMessages":100,"rateLimit":10},"sparkpost":{"driver":"sparkpost","apiKey":null,"extras":{}}}}},"_qs":{},"_all":{},"_body":{},"_raw":{},"_files":{}},"response":{"request":{"$ref":"$[\"_ctx\"][\"request\"][\"request\"]"},"response":{"$ref":"$[\"_ctx\"][\"request\"][\"request\"][\"socket\"][\"_httpMessage\"]"},"_lazyBody":{"method":"send","content":null,"args":[]},"implicitEnd":true,"Config":{"$ref":"$[\"_ctx\"][\"request\"][\"Config\"]"}}},"Config":{"$ref":"$[\"_ctx\"][\"request\"][\"Config\"]"},"_authenticatorsPool":{"jwt":{"_config":{"$ref":"$[\"_ctx\"][\"request\"][\"Config\"][\"_config\"][\"auth\"][\"jwt\"]"},"_serializerInstance":{"Hash":{},"_config":{"$ref":"$[\"_ctx\"][\"request\"][\"Config\"][\"_config\"][\"auth\"][\"jwt\"]"},"_queryCallback":null},"_instanceUser":null,"_ctx":{"$ref":"$[\"_ctx\"]"},"Encryption":{"encryptor":{}},"_generateRefreshToken":{"_originalValue":false,"_val":false}}},"authenticatorInstance":{"$ref":"$[\"_authenticatorsPool\"][\"jwt\"]"},"level":"info","message":"request url is Localhost","timestamp":"2017-12-28T06:47:03.204Z"}
{"level":"info","message":"request url is undefined","timestamp":"2017-12-28T06:49:07.094Z"}
{"level":"info","message":"request url is undefined","timestamp":"2017-12-28T06:56:00.278Z"}
{"level":"info","message":"request url is [object Object]","timestamp":"2017-12-28T06:59:39.649Z"}
{"level":"info","message":"request url is [object Object]","timestamp":"2017-12-28T07:03:53.556Z"}
{"level":"info","message":"request url is /users/findall","timestamp":"2017-12-28T07:05:36.949Z"}
{"level":"info","message":"request url is Localhost/users/findallundefined","timestamp":"2017-12-28T07:07:20.472Z"}
{"level":"info","message":"request url is Localhost/users/addundefined","timestamp":"2017-12-28T07:32:34.820Z"}
{"level":"info","message":"request url is Localhost/users/addundefined","timestamp":"2017-12-28T07:33:00.556Z"}
{"level":"info","message":"request url is Localhost/users/addundefined","timestamp":"2017-12-28T07:35:48.891Z"}
{"level":"info","message":"request url is Localhost/users/addundefined","timestamp":"2017-12-28T07:38:23.611Z"}
{"level":"info","message":"request url is Localhost/users/addundefined","timestamp":"2017-12-28T07:45:00.981Z"}
{"level":"info","message":"request url is Localhost/users/addundefined","timestamp":"2017-12-28T07:45:54.502Z"}
{"level":"info","message":"request url is Localhost/users/addundefined","timestamp":"2017-12-28T07:49:13.159Z"}
{"level":"info","message":"request url is Localhost/users/addundefined","timestamp":"2017-12-28T07:51:02.355Z"}
{"level":"info","message":"request url is Localhost/users/addundefined","timestamp":"2017-12-28T07:51:29.169Z"}
{"level":"info","message":"request url is Localhost/users/addundefined","timestamp":"2017-12-28T07:55:17.038Z"}
{"level":"info","message":"request url is Localhost/reset/eyJhbGciOiJIUzI1NiIsInR5cCI6IkpXVCJ9.eyJ1aWQiOjEsImlhdCI6MTUxNDQ0MjM3MX0.fuWskNz09jSIH4y2-WopnVmUvsGetML8EbpPRMZZPmAundefined","timestamp":"2017-12-28T09:54:12.953Z"}
{"level":"info","message":"request url is Localhost/reset/eyJhbGciOiJIUzI1NiIsInR5cCI6IkpXVCJ9.eyJ1aWQiOjEsImlhdCI6MTUxNDQ0MjM3MX0.fuWskNz09jSIH4y2-WopnVmUvsGetML8EbpPRMZZPmAundefined","timestamp":"2017-12-28T09:54:38.034Z"}
{"level":"info","message":"request url is Localhost/reset/eyJhbGciOiJIUzI1NiIsInR5cCI6IkpXVCJ9.eyJ1aWQiOjEsImlhdCI6MTUxNDQ0MjM3MX0.fuWskNz09jSIH4y2-WopnVmUvsGetML8EbpPRMZZPmAundefined","timestamp":"2017-12-28T10:03:08.541Z"}
{"level":"info","message":"request url is Localhost/loginundefined","timestamp":"2017-12-28T10:04:05.959Z"}
{"level":"info","message":"request url is Localhost/reset/eyJhbGciOiJIUzI1NiIsInR5cCI6IkpXVCJ9.eyJ1aWQiOjEsImlhdCI6MTUxNDQ1NTQ0Nn0.cjoB0AnfLKY8XXrOhOrzI8oycqhAVI7qZUmwJFXGZFIundefined","timestamp":"2017-12-28T10:04:16.176Z"}
{"level":"info","message":"request url is Localhost/reset/eyJhbGciOiJIUzI1NiIsInR5cCI6IkpXVCJ9.eyJ1aWQiOjEsImlhdCI6MTUxNDQ1NTQ0Nn0.cjoB0AnfLKY8XXrOhOrzI8oycqhAVI7qZUmwJFXGZFIundefined","timestamp":"2017-12-28T10:05:16.634Z"}
{"level":"info","message":"request url is Localhost/reset/eyJhbGciOiJIUzI1NiIsInR5cCI6IkpXVCJ9.eyJ1aWQiOjEsImlhdCI6MTUxNDQ1NTQ0Nn0.cjoB0AnfLKY8XXrOhOrzI8oycqhAVI7qZUmwJFXGZFIundefined","timestamp":"2017-12-28T10:05:28.243Z"}
{"level":"info","message":"request url is Localhost/reset/eyJhbGciOiJIUzI1NiIsInR5cCI6IkpXVCJ9.eyJ1aWQiOjEsImlhdCI6MTUxNDQ1NTQ0Nn0.cjoB0AnfLKY8XXrOhOrzI8oycqhAVI7qZUmwJFXGZFIundefined","timestamp":"2017-12-28T10:09:49.257Z"}
{"level":"info","message":"request url is Localhost/users/findallundefined","timestamp":"2017-12-28T10:12:24.442Z"}
{"level":"info","message":"request url is Localhost/users/findallundefined","timestamp":"2017-12-28T10:12:45.970Z"}
{"level":"info","message":"request url is Localhost/users/findallundefined","timestamp":"2017-12-28T10:13:14.835Z"}
{"level":"info","message":"request url is Localhost/employee/addundefined","timestamp":"2017-12-29T10:08:02.850Z"}
{"level":"info","message":"request url is Localhost/employee/findundefined","timestamp":"2017-12-29T10:10:28.873Z"}
{"level":"info","message":"request url is Localhost/employee/updateundefined","timestamp":"2017-12-29T10:10:32.004Z"}
{"level":"info","message":"request url is Localhost/login","timestamp":"2017-12-29T10:49:47.302Z"}
{"level":"info","message":"request url is Localhost/salary/find/1","timestamp":"2017-12-29T10:50:27.441Z"}
{"level":"info","message":"request url is Localhost/salary/find/1","timestamp":"2017-12-29T10:50:54.200Z"}
{"level":"info","message":"request url is Localhost/login","timestamp":"2017-12-29T10:50:56.916Z"}
{"level":"info","message":"request url is Localhost/salary/find/1","timestamp":"2017-12-29T10:51:04.672Z"}
{"level":"info","message":"request url is Localhost/salary/find/1","timestamp":"2017-12-29T10:51:42.545Z"}
{"level":"info","message":"request url is Localhost/employee/findall","timestamp":"2017-12-29T10:51:53.847Z"}
{"level":"info","message":"request url is Localhost/salary/find/1","timestamp":"2017-12-29T10:53:45.053Z"}
{"level":"info","message":"request url is Localhost/salary/find/1","timestamp":"2017-12-29T10:54:45.330Z"}
{"level":"info","message":"request url is Localhost/salary/find/1","timestamp":"2017-12-29T10:56:27.310Z"}
{"level":"info","message":"request url is Localhost/salary/find/1","timestamp":"2017-12-29T10:56:43.753Z"}
{"level":"info","message":"request url is Localhost/salary/find/1","timestamp":"2017-12-29T10:57:55.905Z"}
{"level":"info","message":"request url is Localhost/salary/find/1","timestamp":"2017-12-29T10:58:16.272Z"}
{"level":"info","message":"request url is Localhost/salary/find/1","timestamp":"2017-12-29T11:00:08.765Z"}
{"level":"info","message":"request url is Localhost/salary/find/1","timestamp":"2017-12-29T11:00:22.913Z"}
{"level":"info","message":"request url is Localhost/salary/find/1","timestamp":"2017-12-29T11:00:46.789Z"}
{"level":"info","message":"request url is Localhost/salary/find","timestamp":"2017-12-29T11:02:54.460Z"}
{"level":"info","message":"request url is Localhost/salary/find","timestamp":"2017-12-29T11:03:03.013Z"}
{"level":"info","message":"request url is Localhost/salary/find","timestamp":"2017-12-29T11:03:51.393Z"}
{"level":"info","message":"request url is Localhost/salary/find","timestamp":"2017-12-29T11:04:06.729Z"}
{"level":"info","message":"request url is Localhost/salary/find","timestamp":"2017-12-29T11:04:39.340Z"}
{"level":"info","message":"request url is Localhost/salary/find","timestamp":"2017-12-29T11:05:43.353Z"}
{"level":"info","message":"request url is Localhost/salary/find","timestamp":"2017-12-29T11:08:00.573Z"}
{"level":"info","message":"request url is Localhost/salary/find","timestamp":"2017-12-29T11:08:23.985Z"}
{"level":"info","message":"request url is Localhost/salary/find","timestamp":"2017-12-29T11:09:27.813Z"}
{"level":"info","message":"request url is Localhost/salary/find","timestamp":"2017-12-29T11:13:23.390Z"}
{"level":"info","message":"request url is Localhost/salary/find","timestamp":"2017-12-29T11:13:33.250Z"}
{"level":"info","message":"request url is Localhost/salary/find","timestamp":"2017-12-29T11:18:54.475Z"}
{"level":"info","message":"request url is Localhost/salary/find","timestamp":"2017-12-29T11:19:27.120Z"}
{"level":"info","message":"request url is Localhost/salary/find","timestamp":"2017-12-29T11:19:40.707Z"}
{"level":"info","message":"request url is Localhost/salary/find","timestamp":"2017-12-29T11:20:30.380Z"}
{"level":"info","message":"request url is Localhost/salary/find","timestamp":"2017-12-29T11:21:22.667Z"}
{"level":"info","message":"request url is Localhost/salary/find","timestamp":"2017-12-29T11:22:07.296Z"}
{"level":"info","message":"request url is Localhost/salary/find","timestamp":"2017-12-29T11:35:22.611Z"}
{"level":"info","message":"request url is Localhost/salary/find","timestamp":"2017-12-29T11:35:43.016Z"}
{"level":"info","message":"request url is Localhost/salary/find","timestamp":"2017-12-29T11:50:08.778Z"}
{"level":"info","message":"request url is Localhost/salary/find","timestamp":"2017-12-29T11:51:53.875Z"}
{"level":"info","message":"request url is Localhost/salary/find","timestamp":"2017-12-29T11:52:38.054Z"}
{"level":"info","message":"request url is Localhost/salary/find","timestamp":"2017-12-29T11:54:32.617Z"}
{"level":"info","message":"request url is Localhost/salary/find","timestamp":"2017-12-29T11:54:51.720Z"}
{"level":"info","message":"request url is Localhost/salary/find","timestamp":"2017-12-29T12:20:52.821Z"}
{"level":"info","message":"request url is Localhost/salary/find","timestamp":"2017-12-29T12:21:59.749Z"}
{"level":"info","message":"request url is Localhost/salary/find","timestamp":"2017-12-29T12:22:28.356Z"}
{"level":"info","message":"request url is Localhost/salary/find","timestamp":"2017-12-29T12:27:20.349Z"}
{"level":"info","message":"request url is Localhost/salary/find","timestamp":"2017-12-29T12:28:25.385Z"}
{"level":"info","message":"request url is Localhost/salary/find","timestamp":"2017-12-29T12:40:16.724Z"}
{"level":"info","message":"request url is Localhost/salary/find","timestamp":"2017-12-29T12:40:34.232Z"}
{"level":"info","message":"request url is Localhost/salary/find","timestamp":"2017-12-29T12:41:50.865Z"}
{"level":"info","message":"request url is Localhost/salary/find","timestamp":"2017-12-29T13:55:00.591Z"}
{"level":"info","message":"request url is Localhost/salary/find","timestamp":"2017-12-29T13:56:26.245Z"}
{"level":"info","message":"request url is Localhost/salary/find","timestamp":"2017-12-29T13:57:10.412Z"}
{"level":"info","message":"request url is Localhost/salary/find","timestamp":"2017-12-29T14:03:02.743Z"}
{"level":"info","message":"request url is Localhost/users/add","timestamp":"2017-12-29T15:40:00.247Z"}
{"level":"info","message":"request url is Localhost/login","timestamp":"2017-12-29T16:19:45.871Z"}
{"level":"info","message":"request url is Localhost/salary/find","timestamp":"2017-12-29T16:20:02.552Z"}
{"level":"info","message":"request url is Localhost/employee/add","timestamp":"2017-12-29T16:24:16.542Z"}
{"level":"info","message":"request url is Localhost/employee/add","timestamp":"2017-12-29T16:24:22.179Z"}
{"level":"info","message":"request url is Localhost/salary/find","timestamp":"2017-12-29T16:24:25.351Z"}
{"level":"info","message":"request url is Localhost/salary/find","timestamp":"2017-12-29T16:25:10.157Z"}
{"level":"info","message":"request url is Localhost/salary/find","timestamp":"2017-12-29T16:25:55.893Z"}
{"level":"info","message":"request url is Localhost/salary/find","timestamp":"2017-12-29T16:26:17.736Z"}
{"level":"info","message":"request url is Localhost/salary/find","timestamp":"2017-12-29T16:27:45.696Z"}
{"level":"info","message":"request url is Localhost/salary/find","timestamp":"2017-12-29T16:28:12.638Z"}
{"level":"info","message":"request url is Localhost/salary/find","timestamp":"2017-12-29T16:28:44.944Z"}
{"level":"info","message":"request url is Localhost/salary/find","timestamp":"2017-12-29T16:43:03.971Z"}
{"level":"info","message":"request url is Localhost/salary/find","timestamp":"2017-12-29T16:43:26.857Z"}
{"level":"info","message":"request url is Localhost/salary/find","timestamp":"2017-12-29T16:43:38.893Z"}
{"level":"info","message":"request url is Localhost/salary/find","timestamp":"2017-12-30T06:34:11.321Z"}
{"level":"info","message":"request url is Localhost/salary/find","timestamp":"2017-12-30T06:36:16.135Z"}
{"level":"info","message":"request url is Localhost/salary/find","timestamp":"2017-12-30T06:36:51.838Z"}
{"level":"info","message":"request url is Localhost/salary/find","timestamp":"2017-12-30T13:04:48.729Z"}
{"level":"info","message":"request url is Localhost/salary/find","timestamp":"2017-12-30T13:08:32.998Z"}
{"level":"info","message":"request url is Localhost/salary/find","timestamp":"2017-12-30T13:08:56.089Z"}
{"level":"info","message":"request url is Localhost/salary/find","timestamp":"2017-12-30T13:37:43.143Z"}
{"level":"info","message":"request url is Localhost/salary/find","timestamp":"2017-12-30T14:49:23.193Z"}
{"level":"info","message":"request url is Localhost/salary/find","timestamp":"2017-12-30T14:49:35.895Z"}
{"level":"info","message":"request url is Localhost/salary/find","timestamp":"2017-12-30T14:50:17.504Z"}
{"level":"info","message":"request url is Localhost/salary/find","timestamp":"2017-12-30T14:50:51.307Z"}
{"level":"info","message":"request url is Localhost/salary/find","timestamp":"2017-12-30T15:10:58.894Z"}
{"level":"info","message":"request url is Localhost/salary/find","timestamp":"2017-12-30T15:11:11.547Z"}
{"level":"info","message":"request url is Localhost/salary/find","timestamp":"2017-12-30T15:42:22.109Z"}
{"level":"info","message":"request url is Localhost/salary/find","timestamp":"2017-12-30T15:50:28.617Z"}
{"level":"info","message":"request url is Localhost/salary/find","timestamp":"2017-12-30T15:58:26.257Z"}
{"level":"info","message":"request url is Localhost/salary/find","timestamp":"2017-12-30T15:58:46.387Z"}
{"level":"info","message":"request url is Localhost/salary/find/1","timestamp":"2017-12-30T16:11:20.735Z"}
{"level":"info","message":"request url is Localhost/salary/find/1","timestamp":"2017-12-30T16:11:52.036Z"}
{"level":"info","message":"request url is Localhost/salary/find/1","timestamp":"2017-12-30T16:12:04.803Z"}
{"level":"info","message":"request url is Localhost/salary/find/1","timestamp":"2017-12-30T16:12:47.898Z"}
{"level":"info","message":"request url is Localhost/salary/find/1","timestamp":"2017-12-30T16:12:54.667Z"}
{"level":"info","message":"request url is Localhost/salary/find/1","timestamp":"2017-12-30T16:18:25.724Z"}
{"level":"info","message":"request url is Localhost/add","timestamp":"2017-12-31T05:46:50.606Z"}
{"level":"info","message":"request url is Localhost/add","timestamp":"2017-12-31T05:46:59.996Z"}
{"level":"info","message":"request url is Localhost/employee/add","timestamp":"2017-12-31T05:49:41.957Z"}
{"level":"info","message":"request url is Localhost/employee/add","timestamp":"2017-12-31T05:49:44.859Z"}
{"level":"info","message":"request url is Localhost/employee/add","timestamp":"2017-12-31T05:49:48.483Z"}
{"level":"info","message":"request url is Localhost/salary/find/1","timestamp":"2017-12-31T05:49:52.587Z"}
{"level":"info","message":"request url is Localhost/salary/find/1","timestamp":"2017-12-31T05:50:38.567Z"}
{"level":"info","message":"request url is Localhost/salary/find/1","timestamp":"2017-12-31T05:50:52.046Z"}
{"level":"info","message":"request url is Localhost/salary/find/1","timestamp":"2017-12-31T05:51:21.306Z"}
{"level":"info","message":"request url is Localhost/salary/find/1","timestamp":"2017-12-31T05:54:42.094Z"}
{"level":"info","message":"request url is Localhost/salary/find/1","timestamp":"2017-12-31T05:55:19.515Z"}
{"level":"info","message":"request url is Localhost/salary/find/1","timestamp":"2017-12-31T05:56:07.514Z"}
{"level":"info","message":"request url is Localhost/salary/find/1","timestamp":"2017-12-31T05:58:19.691Z"}
{"level":"info","message":"request url is Localhost/employee/salary","timestamp":"2017-12-31T06:28:41.279Z"}
{"level":"info","message":"request url is Localhost/employee/salary","timestamp":"2017-12-31T06:28:57.036Z"}
{"level":"info","message":"request url is Localhost/employee/salary","timestamp":"2017-12-31T06:29:27.621Z"}
{"level":"info","message":"request url is Localhost/login","timestamp":"2017-12-31T06:29:32.865Z"}
{"level":"info","message":"request url is Localhost/login","timestamp":"2017-12-31T06:29:43.154Z"}
{"level":"info","message":"request url is Localhost/employee/salary","timestamp":"2017-12-31T06:29:54.512Z"}
{"level":"info","message":"request url is Localhost/employee/salary","timestamp":"2017-12-31T06:30:15.351Z"}
{"level":"info","message":"request url is Localhost/employee/salary","timestamp":"2017-12-31T06:30:16.484Z"}
{"level":"info","message":"request url is Localhost/employee/salary","timestamp":"2017-12-31T06:30:17.260Z"}
{"level":"info","message":"request url is Localhost/employee/salary","timestamp":"2017-12-31T06:31:23.938Z"}
{"level":"info","message":"request url is Localhost/employee/salary","timestamp":"2017-12-31T06:31:59.394Z"}
{"level":"info","message":"request url is Localhost/employee/salary","timestamp":"2017-12-31T06:32:14.989Z"}
{"level":"info","message":"request url is Localhost/employee/salary","timestamp":"2017-12-31T06:32:40.988Z"}
{"level":"info","message":"request url is Localhost/employee/salary","timestamp":"2017-12-31T06:33:32.097Z"}
{"level":"info","message":"request url is Localhost/employee/salary","timestamp":"2017-12-31T06:34:15.989Z"}
{"level":"info","message":"request url is Localhost/employee/salary","timestamp":"2017-12-31T06:34:55.953Z"}
{"level":"info","message":"request url is Localhost/employee/salary","timestamp":"2017-12-31T06:37:20.893Z"}
{"level":"info","message":"request url is Localhost/employee/salary","timestamp":"2017-12-31T06:39:03.883Z"}
{"level":"info","message":"request url is Localhost/employee/salary","timestamp":"2017-12-31T06:39:28.542Z"}
{"level":"info","message":"request url is Localhost/employee/salary","timestamp":"2017-12-31T06:40:01.063Z"}
{"level":"info","message":"request url is Localhost/employee/salary","timestamp":"2017-12-31T06:43:28.829Z"}
{"level":"info","message":"request url is Localhost/employee/salary","timestamp":"2017-12-31T06:46:37.975Z"}
{"level":"info","message":"request url is Localhost/employee/salary","timestamp":"2017-12-31T06:46:58.665Z"}
{"level":"info","message":"request url is Localhost/employee/salary","timestamp":"2017-12-31T06:47:10.506Z"}
{"level":"info","message":"request url is Localhost/employee/salary","timestamp":"2017-12-31T06:48:08.954Z"}
{"level":"info","message":"request url is Localhost/employee/salary","timestamp":"2017-12-31T07:29:50.035Z"}
{"level":"info","message":"request url is Localhost/employee/add","timestamp":"2017-12-31T07:38:35.766Z"}
{"level":"info","message":"request url is Localhost/employee/add","timestamp":"2017-12-31T07:39:02.270Z"}
{"level":"info","message":"request url is Localhost/employee/add","timestamp":"2017-12-31T07:42:53.907Z"}
{"level":"info","message":"request url is Localhost/employee/add","timestamp":"2017-12-31T08:27:42.308Z"}
{"level":"info","message":"request url is Localhost/employee/add","timestamp":"2017-12-31T08:27:46.459Z"}
{"level":"info","message":"request url is Localhost/employee/add","timestamp":"2017-12-31T08:28:18.282Z"}
{"level":"info","message":"request url is Localhost/employee/add","timestamp":"2017-12-31T08:33:27.699Z"}
{"level":"info","message":"request url is Localhost/employee/add","timestamp":"2017-12-31T08:35:22.170Z"}
{"level":"info","message":"request url is Localhost/employee/add","timestamp":"2017-12-31T08:35:59.899Z"}
{"level":"info","message":"request url is Localhost/employee/add","timestamp":"2017-12-31T08:42:47.183Z"}
{"level":"info","message":"request url is Localhost/employee/add","timestamp":"2017-12-31T08:42:49.816Z"}
{"level":"info","message":"request url is Localhost/employee/add","timestamp":"2017-12-31T08:44:21.220Z"}
{"level":"info","message":"request url is Localhost/employee/add","timestamp":"2017-12-31T08:44:49.191Z"}
{"level":"info","message":"request url is Localhost/employee/add","timestamp":"2017-12-31T08:44:51.126Z"}
{"level":"info","message":"request url is Localhost/employee/add","timestamp":"2017-12-31T08:45:19.085Z"}
{"level":"info","message":"request url is Localhost/employee/add","timestamp":"2017-12-31T08:45:22.595Z"}
{"level":"info","message":"request url is Localhost/employee/add","timestamp":"2017-12-31T08:45:24.564Z"}
{"level":"info","message":"request url is Localhost/employee/add","timestamp":"2017-12-31T08:50:22.247Z"}
{"level":"info","message":"request url is Localhost/employee/add","timestamp":"2017-12-31T08:50:30.732Z"}
{"level":"info","message":"request url is Localhost/employee/add","timestamp":"2017-12-31T08:57:03.013Z"}
{"level":"info","message":"request url is Localhost/employee/add","timestamp":"2017-12-31T08:57:34.024Z"}
{"level":"info","message":"request url is Localhost/employee/add","timestamp":"2017-12-31T08:57:40.754Z"}
{"level":"info","message":"request url is Localhost/salary/find/1","timestamp":"2017-12-31T09:14:17.451Z"}
{"level":"info","message":"request url is Localhost/employee/salary","timestamp":"2017-12-31T09:14:26.566Z"}
